  g_ai.c
  g_chase.c
  g_class.c
  g_cmds.c
  g_combat.c
  g_func.c
  g_items.c
  g_main.c
  g_misc.c
  g_monster.c
  g_phys.c
  g_save.c
  g_spawn.c
  g_svcmds.c
  g_target.c
  g_trigger.c
  g_turret.c
  g_utils.c
  g_weapon.c
  m_actor.c
  Generating Code...
  Compiling...
  m_berserk.c
  m_boss2.c
  m_boss3.c
  m_boss31.c
  m_boss32.c
  m_brain.c
  m_chick.c
  m_flash.c
  m_flipper.c
  m_float.c
  m_flyer.c
  m_gladiator.c
  m_gunner.c
  m_hover.c
  m_infantry.c
C:\Users\Josef\git\q2-mod\m_infantry.c(368,1): warning C4029: declared formal parameter list different from definition
  m_insane.c
  m_medic.c
  m_move.c
  m_mutant.c
  m_parasite.c
  Generating Code...
  Compiling...
  m_soldier.c
  m_supertank.c
  m_tank.c
  p_client.c
  p_hud.c
  p_trail.c
  p_view.c
  p_weapon.c
C:\Users\Josef\git\q2-mod\p_weapon.c(1002,44): warning C4020: 'fire_rail': too many actual parameters
C:\Users\Josef\git\q2-mod\p_weapon.c(1143,45): warning C4020: 'fire_rail': too many actual parameters
C:\Users\Josef\git\q2-mod\p_weapon.c(1209,44): warning C4020: 'fire_rail': too many actual parameters
C:\Users\Josef\git\q2-mod\p_weapon.c(1272,44): warning C4020: 'fire_rail': too many actual parameters
C:\Users\Josef\git\q2-mod\p_weapon.c(1424,44): warning C4020: 'fire_rail': too many actual parameters
  q_shared.c
  Generating Code...
C:\Program Files (x86)\Microsoft Visual Studio\2019\Community\MSBuild\Microsoft\VC\v160\Microsoft.CppBuild.targets(1316,5): warning MSB8012: TargetPath(C:\Users\Josef\git\q2-mod\..\baseq2\game.dll) does not match the Linker's OutputFile property value (C:\Users\Josef\git\release\gamex86.dll). This may cause your project to build incorrectly. To correct this, please make sure that $(OutDir), $(TargetName) and $(TargetExt) property values match the value specified in %(Link.OutputFile).
C:\Program Files (x86)\Microsoft Visual Studio\2019\Community\MSBuild\Microsoft\VC\v160\Microsoft.CppBuild.targets(1318,5): warning MSB8012: TargetName(game) does not match the Linker's OutputFile property value (gamex86). This may cause your project to build incorrectly. To correct this, please make sure that $(OutDir), $(TargetName) and $(TargetExt) property values match the value specified in %(Link.OutputFile).
     Creating library .\..\release/gamex86.lib and object .\..\release/gamex86.exp
  game.vcxproj -> C:\Users\Josef\git\q2-mod\..\baseq2\game.dll
